[sweetchild00008.wixsite.com/mysite.html]
[backblue.gif]
[fade.gif]
[index.html]
[sweetchild00008.wixsite.com/sitemap.xml]
[sweetchild00008.wixsite.com/feed.xml]
[browser.sentry-cdn.com/4.6.2/bundle.min.js]
[static.parastorage.com/unpkg/core-js-bundle@3.2.1/minified.js]
[static.parastorage.com/unpkg/whatwg-fetch@3.0.0/dist/fetch.umd.js]
[static.parastorage.com/services/wix-bolt/1.6101.0/bolt-main/app/bolt-custom-elements.min.js]
[static.parastorage.com/unpkg/requirejs-bolt@2.3.6/requirejs.min.js]
[static.parastorage.com/services/skins/2.1229.80/images/wysiwyg/core/themes/base/cursor_zoom_out.png]
[static.parastorage.com/services/skins/2.1229.80/images/wysiwyg/core/themes/base/cursor_zoom_in.png]
[sweetchild00008.wixsite.com/_partials/wix-bolt/1.6101.0/node_modules/viewer-platform-worker/dist/wixcode-worker.js]
[sweetchild00008.wixsite.com/mysite/resume.html]
[static.wixstatic.com/media/569837_53702f273bcc462987c4319526f7ab2e_mv2.jpg/v1/fill/w_181,h_136,al_c,q_80,usm_0.66_1.00_0.01,blur_2/16880787_341443739589874_1518552011_o_34.jpg]
[static.wixstatic.com/media/84770f_71b71726d1644b0baa8482970c919460.jpg/v1/fill/w_192,h_196,al_c,q_80,usm_0.66_1.00_0.01,blur_3/84770f_71b71726d1644b0baa8482970c919460.jpg]
[static.wixstatic.com/media/0da768_0c5ce9e2ffa442bea0b79b690223a939_mv2.png]
[sweetchild00008.wixsite.com/mysite.html]
[sweetchild00008.wixsite.com/sitemap.html]
[sweetchild00008.wixsite.com/feed.html]
[sweetchild00008.wixsite.com/mysite/robots.txt]
[sweetchild00008.wixsite.com/mysite/contact.html]
[sweetchild00008.wixsite.com/mysite/sitemap.xml]
[sweetchild00008.wixsite.com/mysite/feed.xml]
[sweetchild00008.wixsite.com/mysite/resume.html]
[sweetchild00008.wixsite.com/mysite/projects.html]
[static.wixstatic.com/media/f0f7a1586c2073f8b87fc10fb9a32d43.jpg/v1/fill/w_510,h_287,fp_0.50_0.50,q_90/f0f7a1586c2073f8b87fc10fb9a32d43.jpg]
[static.wixstatic.com/media/5f1581a0644c9ef816974e9f9a6e6632.jpg/v1/fill/w_510,h_287,fp_0.50_0.50,q_90/5f1581a0644c9ef816974e9f9a6e6632.jpg]
[static.wixstatic.com/media/3dc3df4d94e322536a8036acb74e9e01.jpg/v1/fill/w_454,h_287,fp_0.50_0.50,q_90/3dc3df4d94e322536a8036acb74e9e01.jpg]
[static.wixstatic.com/media/38e04d7460b845d38719e2f7a8554014.png/v1/fill/w_510,h_287,fp_0.50_0.50/38e04d7460b845d38719e2f7a8554014.png]
[static.wixstatic.com/media/a59e25586541482c9177213dd4672b6c.png/v1/fill/w_510,h_287,fp_0.50_0.50/a59e25586541482c9177213dd4672b6c.png]
[static.wixstatic.com/media/ab9ba22e15614ef892a5f5460e805a2d.png/v1/fill/w_510,h_287,fp_0.50_0.50/ab9ba22e15614ef892a5f5460e805a2d.png]
[static.wixstatic.com/media/f57433d9e066f6875568478c4782ee07.jpg/v1/fill/w_510,h_287,fp_0.50_0.50,q_90/f57433d9e066f6875568478c4782ee07.jpg]
[static.wixstatic.com/media/2826eb6139e547319fb9fe6f1fc33618.jpg/v1/fill/w_510,h_287,fp_0.50_0.50,q_90/2826eb6139e547319fb9fe6f1fc33618.jpg]
[static.wixstatic.com/media/dc5d5711b3924fa697781873af51c84b.jpg/v1/fill/w_510,h_287,fp_0.50_0.50,q_90/dc5d5711b3924fa697781873af51c84b.jpg]
[static.wixstatic.com/media/a049795aa3674b9e91cd97e84aca04c4.jpg/v1/fill/w_510,h_287,fp_0.50_0.50,q_90/a049795aa3674b9e91cd97e84aca04c4.jpg]
[sweetchild00008.wixsite.com/mysite/projects.html]
[sweetchild00008.wixsite.com/mysite/contact.html]
[sweetchild00008.wixsite.com/mysite/robots.html]
[sweetchild00008.wixsite.com/mysite/feed.html]
